[2025-01-13 12:39:38.362280] [0x00005c20] [trace]   Embedded OCIO configuration file: 'C:\Meshroom\Meshroom-2023.3.0-win64\Meshroom-2023.3.0\aliceVision/share/aliceVision/config.ocio' found.
Program called with the following parameters:
 * evCorrection = 0
 * input = "C:/xampp/htdocs/3d/3d/cache/StructureFromMotion/3c8824f8f70fe8f235e6300f763bac8335923fa4/sfm.abc"
 * maskExtension = "png"
 * maxCoresAvailable =  Unknown Type "unsigned int" (default)
 * maxMemoryAvailable = 18446744073709551615 (default)
 * output = "C:/xampp/htdocs/3d/3d/cache/PrepareDenseScene/cc74fadbdb0ed995134a96c0f3bc046a090b73ac"
 * outputFileType = "exr"
 * rangeSize = 40
 * rangeStart = 0
 * saveMatricesTxtFiles = 0
 * saveMetadata = 1
 * verboseLevel = "info"

Hardware : 
	Detected core count : 12
	OpenMP will use 12 cores
	Detected available memory : 10987 Mo

Exporting Scene Undistorted Images
0%   10   20   30   40   50   60   70   80   90   100%
|----|----|----|----|----|----|----|----|----|----|
[12:39:38.386820][info] Median Camera Exposure: -1, Median EV: -nan(ind)
***************************************************
